2023-08-18 13:07:20,690:WARNING:
'cuml' is a soft dependency and not included in the pycaret installation. Please run: `pip install cuml` to install.
2023-08-18 13:07:20,690:WARNING:
'cuml' is a soft dependency and not included in the pycaret installation. Please run: `pip install cuml` to install.
2023-08-18 13:07:20,690:WARNING:
'cuml' is a soft dependency and not included in the pycaret installation. Please run: `pip install cuml` to install.
2023-08-18 13:07:20,690:WARNING:
'cuml' is a soft dependency and not included in the pycaret installation. Please run: `pip install cuml` to install.
2023-08-18 13:45:37,816:INFO:Initializing load_model()
2023-08-18 13:45:37,816:INFO:load_model(model_name=C:/Users/dykim/OneDrive/바탕 화면/공부자료/22, 23 AI 공부/2023 T아카데미 ASAC/기업 프로젝트/5. ensemble/ljw/ML_best_model, platform=None, authentication=None, verbose=True)
2023-08-18 13:45:37,867:INFO:Initializing predict_model()
2023-08-18 13:45:37,867:INFO:predict_model(self=<pycaret.regression.oop.RegressionExperiment object at 0x00000213423AA440>, estimator=Pipeline(memory=FastMemory(location=/tmp/joblib),
         steps=[('numerical_imputer',
                 TransformerWrapper(include=['x3', 'x4', 'x6', 'x7', 'x13',
                                             'x16', 'x20', 'x21', 'x22', 'x23',
                                             'x24', 'x27', 'x28', 'x29', 'x30',
                                             'x31', 'x33', 'x38', 'x39', 'x40',
                                             'x41', 'x46', 'x49', 'x56', 'x57',
                                             'x63', 'x64', 'x66', 'x67', 'x69', ...],
                                    transformer=SimpleImputer())),
                ('categorical_imputer',
                 TransformerWrapper(include=[],
                                    transformer=SimpleImputer(strategy='most_frequent'))),
                ('trained_model',
                 RandomForestRegressor(bootstrap=False, max_depth=10,
                                       max_features='sqrt',
                                       min_impurity_decrease=0,
                                       min_samples_leaf=5, min_samples_split=7,
                                       n_estimators=160, n_jobs=-1,
                                       random_state=1234))]), probability_threshold=None, encoded_labels=False, raw_score=False, round=4, verbose=True, ml_usecase=None, preprocess=True, encode_labels=<function _SupervisedExperiment.predict_model.<locals>.encode_labels at 0x000002133B4A93F0>)
2023-08-18 13:45:37,867:INFO:Checking exceptions
2023-08-18 13:45:37,867:INFO:Preloading libraries
2023-08-18 13:45:37,867:INFO:Set up data.
2023-08-18 13:45:37,954:INFO:Set up index.
2023-08-18 14:36:07,363:WARNING:
'cuml' is a soft dependency and not included in the pycaret installation. Please run: `pip install cuml` to install.
2023-08-18 14:36:07,363:WARNING:
'cuml' is a soft dependency and not included in the pycaret installation. Please run: `pip install cuml` to install.
2023-08-18 14:36:07,363:WARNING:
'cuml' is a soft dependency and not included in the pycaret installation. Please run: `pip install cuml` to install.
2023-08-18 14:36:07,363:WARNING:
'cuml' is a soft dependency and not included in the pycaret installation. Please run: `pip install cuml` to install.
2023-08-19 15:25:11,558:WARNING:
'cuml' is a soft dependency and not included in the pycaret installation. Please run: `pip install cuml` to install.
2023-08-19 15:25:11,559:WARNING:
'cuml' is a soft dependency and not included in the pycaret installation. Please run: `pip install cuml` to install.
2023-08-19 15:25:11,559:WARNING:
'cuml' is a soft dependency and not included in the pycaret installation. Please run: `pip install cuml` to install.
2023-08-19 15:25:11,559:WARNING:
'cuml' is a soft dependency and not included in the pycaret installation. Please run: `pip install cuml` to install.
2023-08-19 15:59:01,960:INFO:Initializing load_model()
2023-08-19 15:59:01,960:INFO:load_model(model_name=C:/Users/dykim/OneDrive/바탕 화면/공부자료/22, 23 AI 공부/2023 T아카데미 ASAC/기업 프로젝트/5. ensemble/ljw/ML_best_model, platform=None, authentication=None, verbose=True)
2023-08-19 15:59:02,010:INFO:Initializing predict_model()
2023-08-19 15:59:02,010:INFO:predict_model(self=<pycaret.regression.oop.RegressionExperiment object at 0x000001767BB9BB50>, estimator=Pipeline(memory=FastMemory(location=/tmp/joblib),
         steps=[('numerical_imputer',
                 TransformerWrapper(include=['x3', 'x4', 'x6', 'x7', 'x13',
                                             'x16', 'x20', 'x21', 'x22', 'x23',
                                             'x24', 'x27', 'x28', 'x29', 'x30',
                                             'x31', 'x33', 'x38', 'x39', 'x40',
                                             'x41', 'x46', 'x49', 'x56', 'x57',
                                             'x63', 'x64', 'x66', 'x67', 'x69', ...],
                                    transformer=SimpleImputer())),
                ('categorical_imputer',
                 TransformerWrapper(include=[],
                                    transformer=SimpleImputer(strategy='most_frequent'))),
                ('trained_model',
                 RandomForestRegressor(bootstrap=False, max_depth=10,
                                       max_features='sqrt',
                                       min_impurity_decrease=0,
                                       min_samples_leaf=5, min_samples_split=7,
                                       n_estimators=160, n_jobs=-1,
                                       random_state=1234))]), probability_threshold=None, encoded_labels=False, raw_score=False, round=4, verbose=True, ml_usecase=None, preprocess=True, encode_labels=<function _SupervisedExperiment.predict_model.<locals>.encode_labels at 0x000001767E2724D0>)
2023-08-19 15:59:02,010:INFO:Checking exceptions
2023-08-19 15:59:02,010:INFO:Preloading libraries
2023-08-19 15:59:02,011:INFO:Set up data.
2023-08-19 15:59:02,093:INFO:Set up index.
2023-08-19 16:27:03,640:WARNING:
'cuml' is a soft dependency and not included in the pycaret installation. Please run: `pip install cuml` to install.
2023-08-19 16:27:03,640:WARNING:
'cuml' is a soft dependency and not included in the pycaret installation. Please run: `pip install cuml` to install.
2023-08-19 16:27:03,640:WARNING:
'cuml' is a soft dependency and not included in the pycaret installation. Please run: `pip install cuml` to install.
2023-08-19 16:27:03,640:WARNING:
'cuml' is a soft dependency and not included in the pycaret installation. Please run: `pip install cuml` to install.
2023-08-19 16:31:51,748:WARNING:
'cuml' is a soft dependency and not included in the pycaret installation. Please run: `pip install cuml` to install.
2023-08-19 16:31:51,748:WARNING:
'cuml' is a soft dependency and not included in the pycaret installation. Please run: `pip install cuml` to install.
2023-08-19 16:31:51,748:WARNING:
'cuml' is a soft dependency and not included in the pycaret installation. Please run: `pip install cuml` to install.
2023-08-19 16:31:51,748:WARNING:
'cuml' is a soft dependency and not included in the pycaret installation. Please run: `pip install cuml` to install.
2023-08-19 16:47:57,595:INFO:Initializing load_model()
2023-08-19 16:47:57,595:INFO:load_model(model_name=C:/Users/dykim/OneDrive/바탕 화면/공부자료/22, 23 AI 공부/2023 T아카데미 ASAC/기업 프로젝트/5. ensemble/ljw/ML_best_model, platform=None, authentication=None, verbose=True)
2023-08-19 16:47:57,651:INFO:Initializing predict_model()
2023-08-19 16:47:57,652:INFO:predict_model(self=<pycaret.regression.oop.RegressionExperiment object at 0x0000018560247EE0>, estimator=Pipeline(memory=FastMemory(location=/tmp/joblib),
         steps=[('numerical_imputer',
                 TransformerWrapper(include=['x3', 'x4', 'x6', 'x7', 'x13',
                                             'x16', 'x20', 'x21', 'x22', 'x23',
                                             'x24', 'x27', 'x28', 'x29', 'x30',
                                             'x31', 'x33', 'x38', 'x39', 'x40',
                                             'x41', 'x46', 'x49', 'x56', 'x57',
                                             'x63', 'x64', 'x66', 'x67', 'x69', ...],
                                    transformer=SimpleImputer())),
                ('categorical_imputer',
                 TransformerWrapper(include=[],
                                    transformer=SimpleImputer(strategy='most_frequent'))),
                ('trained_model',
                 RandomForestRegressor(bootstrap=False, max_depth=10,
                                       max_features='sqrt',
                                       min_impurity_decrease=0,
                                       min_samples_leaf=5, min_samples_split=7,
                                       n_estimators=160, n_jobs=-1,
                                       random_state=1234))]), probability_threshold=None, encoded_labels=False, raw_score=False, round=4, verbose=True, ml_usecase=None, preprocess=True, encode_labels=<function _SupervisedExperiment.predict_model.<locals>.encode_labels at 0x000001855FE11750>)
2023-08-19 16:47:57,652:INFO:Checking exceptions
2023-08-19 16:47:57,652:INFO:Preloading libraries
2023-08-19 16:47:57,652:INFO:Set up data.
2023-08-19 16:47:57,867:INFO:Set up index.
2023-08-19 17:16:52,085:INFO:Initializing load_model()
2023-08-19 17:16:52,085:INFO:load_model(model_name=C:/Users/dykim/OneDrive/바탕 화면/공부자료/22, 23 AI 공부/2023 T아카데미 ASAC/기업 프로젝트/5. ensemble/ljw/ML_best_model, platform=None, authentication=None, verbose=True)
2023-08-19 17:16:52,142:INFO:Initializing predict_model()
2023-08-19 17:16:52,142:INFO:predict_model(self=<pycaret.regression.oop.RegressionExperiment object at 0x00000185600AB910>, estimator=Pipeline(memory=FastMemory(location=/tmp/joblib),
         steps=[('numerical_imputer',
                 TransformerWrapper(include=['x3', 'x4', 'x6', 'x7', 'x13',
                                             'x16', 'x20', 'x21', 'x22', 'x23',
                                             'x24', 'x27', 'x28', 'x29', 'x30',
                                             'x31', 'x33', 'x38', 'x39', 'x40',
                                             'x41', 'x46', 'x49', 'x56', 'x57',
                                             'x63', 'x64', 'x66', 'x67', 'x69', ...],
                                    transformer=SimpleImputer())),
                ('categorical_imputer',
                 TransformerWrapper(include=[],
                                    transformer=SimpleImputer(strategy='most_frequent'))),
                ('trained_model',
                 RandomForestRegressor(bootstrap=False, max_depth=10,
                                       max_features='sqrt',
                                       min_impurity_decrease=0,
                                       min_samples_leaf=5, min_samples_split=7,
                                       n_estimators=160, n_jobs=-1,
                                       random_state=1234))]), probability_threshold=None, encoded_labels=False, raw_score=False, round=4, verbose=True, ml_usecase=None, preprocess=True, encode_labels=<function _SupervisedExperiment.predict_model.<locals>.encode_labels at 0x000001855F57B760>)
2023-08-19 17:16:52,142:INFO:Checking exceptions
2023-08-19 17:16:52,142:INFO:Preloading libraries
2023-08-19 17:16:52,143:INFO:Set up data.
2023-08-19 17:16:52,246:INFO:Set up index.
2023-08-19 17:51:57,380:INFO:Initializing load_model()
2023-08-19 17:51:57,380:INFO:load_model(model_name=C:/Users/dykim/OneDrive/바탕 화면/공부자료/22, 23 AI 공부/2023 T아카데미 ASAC/기업 프로젝트/5. ensemble/ljw/ML_best_model, platform=None, authentication=None, verbose=True)
2023-08-19 17:51:57,430:INFO:Initializing predict_model()
2023-08-19 17:51:57,430:INFO:predict_model(self=<pycaret.regression.oop.RegressionExperiment object at 0x00000185606EA050>, estimator=Pipeline(memory=FastMemory(location=/tmp/joblib),
         steps=[('numerical_imputer',
                 TransformerWrapper(include=['x3', 'x4', 'x6', 'x7', 'x13',
                                             'x16', 'x20', 'x21', 'x22', 'x23',
                                             'x24', 'x27', 'x28', 'x29', 'x30',
                                             'x31', 'x33', 'x38', 'x39', 'x40',
                                             'x41', 'x46', 'x49', 'x56', 'x57',
                                             'x63', 'x64', 'x66', 'x67', 'x69', ...],
                                    transformer=SimpleImputer())),
                ('categorical_imputer',
                 TransformerWrapper(include=[],
                                    transformer=SimpleImputer(strategy='most_frequent'))),
                ('trained_model',
                 RandomForestRegressor(bootstrap=False, max_depth=10,
                                       max_features='sqrt',
                                       min_impurity_decrease=0,
                                       min_samples_leaf=5, min_samples_split=7,
                                       n_estimators=160, n_jobs=-1,
                                       random_state=1234))]), probability_threshold=None, encoded_labels=False, raw_score=False, round=4, verbose=True, ml_usecase=None, preprocess=True, encode_labels=<function _SupervisedExperiment.predict_model.<locals>.encode_labels at 0x000001855E0549D0>)
2023-08-19 17:51:57,430:INFO:Checking exceptions
2023-08-19 17:51:57,430:INFO:Preloading libraries
2023-08-19 17:51:57,430:INFO:Set up data.
2023-08-19 17:51:57,529:INFO:Set up index.
2023-08-19 17:54:45,974:INFO:Initializing load_model()
2023-08-19 17:54:45,974:INFO:load_model(model_name=C:/Users/dykim/OneDrive/바탕 화면/공부자료/22, 23 AI 공부/2023 T아카데미 ASAC/기업 프로젝트/5. ensemble/ljw/ML_best_model, platform=None, authentication=None, verbose=True)
2023-08-19 17:54:46,028:INFO:Initializing predict_model()
2023-08-19 17:54:46,028:INFO:predict_model(self=<pycaret.regression.oop.RegressionExperiment object at 0x000001852FE98490>, estimator=Pipeline(memory=FastMemory(location=/tmp/joblib),
         steps=[('numerical_imputer',
                 TransformerWrapper(include=['x3', 'x4', 'x6', 'x7', 'x13',
                                             'x16', 'x20', 'x21', 'x22', 'x23',
                                             'x24', 'x27', 'x28', 'x29', 'x30',
                                             'x31', 'x33', 'x38', 'x39', 'x40',
                                             'x41', 'x46', 'x49', 'x56', 'x57',
                                             'x63', 'x64', 'x66', 'x67', 'x69', ...],
                                    transformer=SimpleImputer())),
                ('categorical_imputer',
                 TransformerWrapper(include=[],
                                    transformer=SimpleImputer(strategy='most_frequent'))),
                ('trained_model',
                 RandomForestRegressor(bootstrap=False, max_depth=10,
                                       max_features='sqrt',
                                       min_impurity_decrease=0,
                                       min_samples_leaf=5, min_samples_split=7,
                                       n_estimators=160, n_jobs=-1,
                                       random_state=1234))]), probability_threshold=None, encoded_labels=False, raw_score=False, round=4, verbose=True, ml_usecase=None, preprocess=True, encode_labels=<function _SupervisedExperiment.predict_model.<locals>.encode_labels at 0x000001855A414C10>)
2023-08-19 17:54:46,028:INFO:Checking exceptions
2023-08-19 17:54:46,028:INFO:Preloading libraries
2023-08-19 17:54:46,028:INFO:Set up data.
2023-08-19 17:54:46,138:INFO:Set up index.
2023-08-19 17:57:03,510:INFO:Initializing load_model()
2023-08-19 17:57:03,511:INFO:load_model(model_name=C:/Users/dykim/OneDrive/바탕 화면/공부자료/22, 23 AI 공부/2023 T아카데미 ASAC/기업 프로젝트/5. ensemble/ljw/ML_best_model, platform=None, authentication=None, verbose=True)
2023-08-19 17:57:03,558:INFO:Initializing predict_model()
2023-08-19 17:57:03,558:INFO:predict_model(self=<pycaret.regression.oop.RegressionExperiment object at 0x00000185605B4070>, estimator=Pipeline(memory=FastMemory(location=/tmp/joblib),
         steps=[('numerical_imputer',
                 TransformerWrapper(include=['x3', 'x4', 'x6', 'x7', 'x13',
                                             'x16', 'x20', 'x21', 'x22', 'x23',
                                             'x24', 'x27', 'x28', 'x29', 'x30',
                                             'x31', 'x33', 'x38', 'x39', 'x40',
                                             'x41', 'x46', 'x49', 'x56', 'x57',
                                             'x63', 'x64', 'x66', 'x67', 'x69', ...],
                                    transformer=SimpleImputer())),
                ('categorical_imputer',
                 TransformerWrapper(include=[],
                                    transformer=SimpleImputer(strategy='most_frequent'))),
                ('trained_model',
                 RandomForestRegressor(bootstrap=False, max_depth=10,
                                       max_features='sqrt',
                                       min_impurity_decrease=0,
                                       min_samples_leaf=5, min_samples_split=7,
                                       n_estimators=160, n_jobs=-1,
                                       random_state=1234))]), probability_threshold=None, encoded_labels=False, raw_score=False, round=4, verbose=True, ml_usecase=None, preprocess=True, encode_labels=<function _SupervisedExperiment.predict_model.<locals>.encode_labels at 0x00000185011280D0>)
2023-08-19 17:57:03,558:INFO:Checking exceptions
2023-08-19 17:57:03,558:INFO:Preloading libraries
2023-08-19 17:57:03,559:INFO:Set up data.
2023-08-19 17:57:03,668:INFO:Set up index.
